Performing C SOURCE FILE Test CMAKE_HAVE_LIBC_PTHREAD failed with the following output:
Change Dir: /home/sleepingmachine/RoboMaster-Code/Abyssal-CV-2022-main/cmake-build-debug/CMakeFiles/CMakeTmp

Run Build Command(s):/usr/bin/make -f Makefile cmTC_b8ead/fast && /usr/bin/make  -f CMakeFiles/cmTC_b8ead.dir/build.make CMakeFiles/cmTC_b8ead.dir/build
make[1]: 进入目录“/home/sleepingmachine/RoboMaster-Code/Abyssal-CV-2022-main/cmake-build-debug/CMakeFiles/CMakeTmp”
Building C object CMakeFiles/cmTC_b8ead.dir/src.c.o
/usr/bin/cc -DCMAKE_HAVE_LIBC_PTHREAD   -o CMakeFiles/cmTC_b8ead.dir/src.c.o -c /home/sleepingmachine/RoboMaster-Code/Abyssal-CV-2022-main/cmake-build-debug/CMakeFiles/CMakeTmp/src.c
Linking C executable cmTC_b8ead
/snap/clion/184/bin/cmake/linux/bin/cmake -E cmake_link_script CMakeFiles/cmTC_b8ead.dir/link.txt --verbose=1
/usr/bin/cc CMakeFiles/cmTC_b8ead.dir/src.c.o -o cmTC_b8ead 
/usr/bin/ld: CMakeFiles/cmTC_b8ead.dir/src.c.o: in function `main':
src.c:(.text+0x46): undefined reference to `pthread_create'
/usr/bin/ld: src.c:(.text+0x52): undefined reference to `pthread_detach'
/usr/bin/ld: src.c:(.text+0x5e): undefined reference to `pthread_cancel'
/usr/bin/ld: src.c:(.text+0x6f): undefined reference to `pthread_join'
collect2: error: ld returned 1 exit status
make[1]: *** [CMakeFiles/cmTC_b8ead.dir/build.make:99：cmTC_b8ead] 错误 1
make[1]: 离开目录“/home/sleepingmachine/RoboMaster-Code/Abyssal-CV-2022-main/cmake-build-debug/CMakeFiles/CMakeTmp”
make: *** [Makefile:127：cmTC_b8ead/fast] 错误 2


Source file was:
#include <pthread.h>

static void* test_func(void* data)
{
  return data;
}

int main(void)
{
  pthread_t thread;
  pthread_create(&thread, NULL, test_func, NULL);
  pthread_detach(thread);
  pthread_cancel(thread);
  pthread_join(thread, NULL);
  pthread_atfork(NULL, NULL, NULL);
  pthread_exit(NULL);

  return 0;
}

Determining if the function pthread_create exists in the pthreads failed with the following output:
Change Dir: /home/sleepingmachine/RoboMaster-Code/Abyssal-CV-2022-main/cmake-build-debug/CMakeFiles/CMakeTmp

Run Build Command(s):/usr/bin/make -f Makefile cmTC_afc9a/fast && /usr/bin/make  -f CMakeFiles/cmTC_afc9a.dir/build.make CMakeFiles/cmTC_afc9a.dir/build
make[1]: 进入目录“/home/sleepingmachine/RoboMaster-Code/Abyssal-CV-2022-main/cmake-build-debug/CMakeFiles/CMakeTmp”
Building C object CMakeFiles/cmTC_afc9a.dir/CheckFunctionExists.c.o
/usr/bin/cc   -DCHECK_FUNCTION_EXISTS=pthread_create -o CMakeFiles/cmTC_afc9a.dir/CheckFunctionExists.c.o -c /snap/clion/184/bin/cmake/linux/share/cmake-3.21/Modules/CheckFunctionExists.c
Linking C executable cmTC_afc9a
/snap/clion/184/bin/cmake/linux/bin/cmake -E cmake_link_script CMakeFiles/cmTC_afc9a.dir/link.txt --verbose=1
/usr/bin/cc  -DCHECK_FUNCTION_EXISTS=pthread_create CMakeFiles/cmTC_afc9a.dir/CheckFunctionExists.c.o -o cmTC_afc9a  -lpthreads 
/usr/bin/ld: 找不到 -lpthreads
collect2: error: ld returned 1 exit status
make[1]: *** [CMakeFiles/cmTC_afc9a.dir/build.make:99：cmTC_afc9a] 错误 1
make[1]: 离开目录“/home/sleepingmachine/RoboMaster-Code/Abyssal-CV-2022-main/cmake-build-debug/CMakeFiles/CMakeTmp”
make: *** [Makefile:127：cmTC_afc9a/fast] 错误 2



